{"C:\\Users\\Connor\\Desktop\\Code\\Springboard Playground\\Unit 35 Exercises\\express-biztime\\app.js": {"path":"C:\\Users\\Connor\\Desktop\\Code\\Springboard Playground\\Unit 35 Exercises\\express-biztime\\app.js","statementMap":{"0":{"start":{"line":4,"column":16},"end":{"line":4,"column":34}},"1":{"start":{"line":6,"column":12},"end":{"line":6,"column":21}},"2":{"start":{"line":7,"column":21},"end":{"line":7,"column":46}},"3":{"start":{"line":9,"column":24},"end":{"line":9,"column":53}},"4":{"start":{"line":10,"column":23},"end":{"line":10,"column":51}},"5":{"start":{"line":11,"column":25},"end":{"line":11,"column":55}},"6":{"start":{"line":13,"column":0},"end":{"line":13,"column":24}},"7":{"start":{"line":14,"column":0},"end":{"line":14,"column":39}},"8":{"start":{"line":15,"column":0},"end":{"line":15,"column":37}},"9":{"start":{"line":16,"column":0},"end":{"line":16,"column":40}},"10":{"start":{"line":20,"column":0},"end":{"line":23,"column":3}},"11":{"start":{"line":21,"column":14},"end":{"line":21,"column":48}},"12":{"start":{"line":22,"column":2},"end":{"line":22,"column":19}},"13":{"start":{"line":27,"column":0},"end":{"line":34,"column":3}},"14":{"start":{"line":28,"column":2},"end":{"line":28,"column":32}},"15":{"start":{"line":30,"column":2},"end":{"line":33,"column":5}},"16":{"start":{"line":39,"column":0},"end":{"line":39,"column":21}}},"fnMap":{"0":{"name":"(anonymous_0)","decl":{"start":{"line":20,"column":8},"end":{"line":20,"column":9}},"loc":{"start":{"line":20,"column":33},"end":{"line":23,"column":1}},"line":20},"1":{"name":"(anonymous_1)","decl":{"start":{"line":27,"column":8},"end":{"line":27,"column":9}},"loc":{"start":{"line":27,"column":33},"end":{"line":34,"column":1}},"line":27}},"branchMap":{"0":{"loc":{"start":{"line":28,"column":13},"end":{"line":28,"column":30}},"type":"binary-expr","locations":[{"start":{"line":28,"column":13},"end":{"line":28,"column":23}},{"start":{"line":28,"column":27},"end":{"line":28,"column":30}}],"line":28}},"s":{"0":1,"1":1,"2":1,"3":1,"4":1,"5":1,"6":1,"7":1,"8":1,"9":1,"10":1,"11":0,"12":0,"13":1,"14":0,"15":0,"16":1},"f":{"0":0,"1":0},"b":{"0":[0,0]},"_coverageSchema":"1a1c01bbd47fc00a2c39e90264f33305004495a9","hash":"8bffeef98e8dc39fffdc1eaca749ec19411fcc69"}
,"C:\\Users\\Connor\\Desktop\\Code\\Springboard Playground\\Unit 35 Exercises\\express-biztime\\db.js": {"path":"C:\\Users\\Connor\\Desktop\\Code\\Springboard Playground\\Unit 35 Exercises\\express-biztime\\db.js","statementMap":{"0":{"start":{"line":3,"column":19},"end":{"line":3,"column":32}},"1":{"start":{"line":5,"column":15},"end":{"line":5,"column":38}},"2":{"start":{"line":8,"column":9},"end":{"line":10,"column":2}},"3":{"start":{"line":12,"column":0},"end":{"line":12,"column":13}},"4":{"start":{"line":13,"column":0},"end":{"line":13,"column":20}}},"fnMap":{},"branchMap":{},"s":{"0":1,"1":1,"2":1,"3":1,"4":1},"f":{},"b":{},"_coverageSchema":"1a1c01bbd47fc00a2c39e90264f33305004495a9","hash":"f7b6540bf5e333cd5b04d3632309b9673164ed75"}
,"C:\\Users\\Connor\\Desktop\\Code\\Springboard Playground\\Unit 35 Exercises\\express-biztime\\expressError.js": {"path":"C:\\Users\\Connor\\Desktop\\Code\\Springboard Playground\\Unit 35 Exercises\\express-biztime\\expressError.js","statementMap":{"0":{"start":{"line":9,"column":4},"end":{"line":9,"column":12}},"1":{"start":{"line":10,"column":4},"end":{"line":10,"column":27}},"2":{"start":{"line":11,"column":4},"end":{"line":11,"column":25}},"3":{"start":{"line":12,"column":4},"end":{"line":12,"column":30}},"4":{"start":{"line":17,"column":0},"end":{"line":17,"column":30}}},"fnMap":{"0":{"name":"(anonymous_0)","decl":{"start":{"line":8,"column":2},"end":{"line":8,"column":3}},"loc":{"start":{"line":8,"column":31},"end":{"line":13,"column":3}},"line":8}},"branchMap":{},"s":{"0":0,"1":0,"2":0,"3":0,"4":1},"f":{"0":0},"b":{},"_coverageSchema":"1a1c01bbd47fc00a2c39e90264f33305004495a9","hash":"0a998c21e596414e884f648be072b0d3a5cf98ca"}
,"C:\\Users\\Connor\\Desktop\\Code\\Springboard Playground\\Unit 35 Exercises\\express-biztime\\routes\\companies.js": {"path":"C:\\Users\\Connor\\Desktop\\Code\\Springboard Playground\\Unit 35 Exercises\\express-biztime\\routes\\companies.js","statementMap":{"0":{"start":{"line":3,"column":16},"end":{"line":3,"column":34}},"1":{"start":{"line":4,"column":16},"end":{"line":4,"column":34}},"2":{"start":{"line":5,"column":15},"end":{"line":5,"column":31}},"3":{"start":{"line":7,"column":21},"end":{"line":7,"column":47}},"4":{"start":{"line":8,"column":11},"end":{"line":8,"column":30}},"5":{"start":{"line":10,"column":0},"end":{"line":14,"column":2}},"6":{"start":{"line":12,"column":14},"end":{"line":12,"column":77}},"7":{"start":{"line":13,"column":2},"end":{"line":13,"column":43}},"8":{"start":{"line":17,"column":0},"end":{"line":58,"column":2}},"9":{"start":{"line":19,"column":2},"end":{"line":55,"column":3}},"10":{"start":{"line":21,"column":36},"end":{"line":35,"column":34}},"11":{"start":{"line":37,"column":4},"end":{"line":51,"column":5}},"12":{"start":{"line":38,"column":6},"end":{"line":38,"column":54}},"13":{"start":{"line":40,"column":17},"end":{"line":40,"column":39}},"14":{"start":{"line":41,"column":17},"end":{"line":41,"column":39}},"15":{"start":{"line":42,"column":24},"end":{"line":42,"column":53}},"16":{"start":{"line":43,"column":23},"end":{"line":43,"column":58}},"17":{"start":{"line":43,"column":47},"end":{"line":43,"column":57}},"18":{"start":{"line":44,"column":6},"end":{"line":50,"column":9}},"19":{"start":{"line":54,"column":4},"end":{"line":54,"column":50}},"20":{"start":{"line":60,"column":0},"end":{"line":74,"column":2}},"21":{"start":{"line":62,"column":30},"end":{"line":62,"column":38}},"22":{"start":{"line":64,"column":2},"end":{"line":73,"column":3}},"23":{"start":{"line":65,"column":17},"end":{"line":69,"column":67}},"24":{"start":{"line":70,"column":4},"end":{"line":70,"column":40}},"25":{"start":{"line":72,"column":4},"end":{"line":72,"column":49}},"26":{"start":{"line":78,"column":0},"end":{"line":101,"column":2}},"27":{"start":{"line":80,"column":30},"end":{"line":80,"column":38}},"28":{"start":{"line":82,"column":2},"end":{"line":100,"column":3}},"29":{"start":{"line":84,"column":23},"end":{"line":86,"column":72}},"30":{"start":{"line":88,"column":4},"end":{"line":97,"column":5}},"31":{"start":{"line":89,"column":6},"end":{"line":89,"column":54}},"32":{"start":{"line":91,"column":19},"end":{"line":95,"column":71}},"33":{"start":{"line":96,"column":6},"end":{"line":96,"column":41}},"34":{"start":{"line":99,"column":4},"end":{"line":99,"column":49}},"35":{"start":{"line":103,"column":0},"end":{"line":124,"column":2}},"36":{"start":{"line":105,"column":2},"end":{"line":123,"column":3}},"37":{"start":{"line":107,"column":23},"end":{"line":110,"column":56}},"38":{"start":{"line":112,"column":4},"end":{"line":119,"column":5}},"39":{"start":{"line":113,"column":6},"end":{"line":113,"column":54}},"40":{"start":{"line":115,"column":19},"end":{"line":117,"column":52}},"41":{"start":{"line":118,"column":6},"end":{"line":118,"column":35}},"42":{"start":{"line":122,"column":4},"end":{"line":122,"column":49}},"43":{"start":{"line":128,"column":0},"end":{"line":128,"column":24}}},"fnMap":{"0":{"name":"(anonymous_0)","decl":{"start":{"line":10,"column":16},"end":{"line":10,"column":17}},"loc":{"start":{"line":10,"column":42},"end":{"line":14,"column":1}},"line":10},"1":{"name":"(anonymous_1)","decl":{"start":{"line":17,"column":21},"end":{"line":17,"column":22}},"loc":{"start":{"line":17,"column":47},"end":{"line":58,"column":1}},"line":17},"2":{"name":"(anonymous_2)","decl":{"start":{"line":43,"column":42},"end":{"line":43,"column":43}},"loc":{"start":{"line":43,"column":47},"end":{"line":43,"column":57}},"line":43},"3":{"name":"(anonymous_3)","decl":{"start":{"line":60,"column":17},"end":{"line":60,"column":18}},"loc":{"start":{"line":60,"column":43},"end":{"line":74,"column":1}},"line":60},"4":{"name":"(anonymous_4)","decl":{"start":{"line":78,"column":21},"end":{"line":78,"column":22}},"loc":{"start":{"line":78,"column":47},"end":{"line":101,"column":1}},"line":78},"5":{"name":"(anonymous_5)","decl":{"start":{"line":103,"column":24},"end":{"line":103,"column":25}},"loc":{"start":{"line":103,"column":50},"end":{"line":124,"column":1}},"line":103}},"branchMap":{"0":{"loc":{"start":{"line":37,"column":4},"end":{"line":51,"column":5}},"type":"if","locations":[{"start":{"line":37,"column":4},"end":{"line":51,"column":5}},{"start":{"line":39,"column":11},"end":{"line":51,"column":5}}],"line":37},"1":{"loc":{"start":{"line":88,"column":4},"end":{"line":97,"column":5}},"type":"if","locations":[{"start":{"line":88,"column":4},"end":{"line":97,"column":5}},{"start":{"line":90,"column":10},"end":{"line":97,"column":5}}],"line":88},"2":{"loc":{"start":{"line":112,"column":4},"end":{"line":119,"column":5}},"type":"if","locations":[{"start":{"line":112,"column":4},"end":{"line":119,"column":5}},{"start":{"line":114,"column":11},"end":{"line":119,"column":5}}],"line":112}},"s":{"0":1,"1":1,"2":1,"3":1,"4":1,"5":1,"6":1,"7":1,"8":1,"9":1,"10":1,"11":1,"12":0,"13":1,"14":1,"15":1,"16":1,"17":2,"18":1,"19":0,"20":1,"21":1,"22":1,"23":1,"24":1,"25":0,"26":1,"27":1,"28":1,"29":1,"30":1,"31":0,"32":1,"33":1,"34":0,"35":1,"36":1,"37":1,"38":1,"39":0,"40":1,"41":1,"42":0,"43":1},"f":{"0":1,"1":1,"2":2,"3":1,"4":1,"5":1},"b":{"0":[0,1],"1":[0,1],"2":[0,1]},"_coverageSchema":"1a1c01bbd47fc00a2c39e90264f33305004495a9","hash":"b1d8770fe7afc4b08cd6a8c7a6c3ac25c2295e18"}
,"C:\\Users\\Connor\\Desktop\\Code\\Springboard Playground\\Unit 35 Exercises\\express-biztime\\routes\\industries.js": {"path":"C:\\Users\\Connor\\Desktop\\Code\\Springboard Playground\\Unit 35 Exercises\\express-biztime\\routes\\industries.js","statementMap":{"0":{"start":{"line":3,"column":16},"end":{"line":3,"column":34}},"1":{"start":{"line":4,"column":16},"end":{"line":4,"column":34}},"2":{"start":{"line":5,"column":15},"end":{"line":5,"column":31}},"3":{"start":{"line":7,"column":21},"end":{"line":7,"column":47}},"4":{"start":{"line":8,"column":11},"end":{"line":8,"column":30}},"5":{"start":{"line":10,"column":0},"end":{"line":34,"column":2}},"6":{"start":{"line":12,"column":2},"end":{"line":33,"column":3}},"7":{"start":{"line":13,"column":43},"end":{"line":22,"column":6}},"8":{"start":{"line":24,"column":4},"end":{"line":28,"column":5}},"9":{"start":{"line":26,"column":15},"end":{"line":26,"column":90}},"10":{"start":{"line":26,"column":52},"end":{"line":26,"column":89}},"11":{"start":{"line":27,"column":6},"end":{"line":27,"column":60}},"12":{"start":{"line":27,"column":44},"end":{"line":27,"column":59}},"13":{"start":{"line":29,"column":4},"end":{"line":29,"column":43}},"14":{"start":{"line":32,"column":4},"end":{"line":32,"column":49}},"15":{"start":{"line":36,"column":0},"end":{"line":58,"column":2}},"16":{"start":{"line":38,"column":2},"end":{"line":57,"column":3}},"17":{"start":{"line":39,"column":29},"end":{"line":39,"column":37}},"18":{"start":{"line":41,"column":22},"end":{"line":47,"column":5}},"19":{"start":{"line":49,"column":4},"end":{"line":53,"column":5}},"20":{"start":{"line":50,"column":6},"end":{"line":50,"column":69}},"21":{"start":{"line":52,"column":6},"end":{"line":52,"column":54}},"22":{"start":{"line":56,"column":4},"end":{"line":56,"column":49}},"23":{"start":{"line":60,"column":0},"end":{"line":84,"column":2}},"24":{"start":{"line":62,"column":2},"end":{"line":83,"column":3}},"25":{"start":{"line":64,"column":24},"end":{"line":72,"column":6}},"26":{"start":{"line":74,"column":4},"end":{"line":80,"column":5}},"27":{"start":{"line":76,"column":6},"end":{"line":76,"column":72}},"28":{"start":{"line":79,"column":6},"end":{"line":79,"column":55}},"29":{"start":{"line":82,"column":4},"end":{"line":82,"column":49}},"30":{"start":{"line":86,"column":0},"end":{"line":86,"column":24}}},"fnMap":{"0":{"name":"(anonymous_0)","decl":{"start":{"line":10,"column":16},"end":{"line":10,"column":17}},"loc":{"start":{"line":10,"column":42},"end":{"line":34,"column":1}},"line":10},"1":{"name":"(anonymous_1)","decl":{"start":{"line":26,"column":46},"end":{"line":26,"column":47}},"loc":{"start":{"line":26,"column":52},"end":{"line":26,"column":89}},"line":26},"2":{"name":"(anonymous_2)","decl":{"start":{"line":27,"column":38},"end":{"line":27,"column":39}},"loc":{"start":{"line":27,"column":44},"end":{"line":27,"column":59}},"line":27},"3":{"name":"(anonymous_3)","decl":{"start":{"line":36,"column":17},"end":{"line":36,"column":18}},"loc":{"start":{"line":36,"column":43},"end":{"line":58,"column":1}},"line":36},"4":{"name":"(anonymous_4)","decl":{"start":{"line":60,"column":46},"end":{"line":60,"column":47}},"loc":{"start":{"line":60,"column":72},"end":{"line":84,"column":1}},"line":60}},"branchMap":{"0":{"loc":{"start":{"line":49,"column":4},"end":{"line":53,"column":5}},"type":"if","locations":[{"start":{"line":49,"column":4},"end":{"line":53,"column":5}},{"start":{"line":51,"column":11},"end":{"line":53,"column":5}}],"line":49},"1":{"loc":{"start":{"line":74,"column":4},"end":{"line":80,"column":5}},"type":"if","locations":[{"start":{"line":74,"column":4},"end":{"line":80,"column":5}},{"start":{"line":78,"column":11},"end":{"line":80,"column":5}}],"line":74}},"s":{"0":1,"1":1,"2":1,"3":1,"4":1,"5":1,"6":1,"7":1,"8":1,"9":2,"10":6,"11":2,"12":3,"13":1,"14":0,"15":1,"16":1,"17":1,"18":1,"19":1,"20":0,"21":1,"22":0,"23":1,"24":1,"25":1,"26":1,"27":0,"28":1,"29":0,"30":1},"f":{"0":1,"1":6,"2":3,"3":1,"4":1},"b":{"0":[0,1],"1":[0,1]},"_coverageSchema":"1a1c01bbd47fc00a2c39e90264f33305004495a9","hash":"e5c21093c60982ff49d63c7df02d15ca7bb6292a"}
,"C:\\Users\\Connor\\Desktop\\Code\\Springboard Playground\\Unit 35 Exercises\\express-biztime\\routes\\invoices.js": {"path":"C:\\Users\\Connor\\Desktop\\Code\\Springboard Playground\\Unit 35 Exercises\\express-biztime\\routes\\invoices.js","statementMap":{"0":{"start":{"line":2,"column":16},"end":{"line":2,"column":34}},"1":{"start":{"line":3,"column":15},"end":{"line":3,"column":31}},"2":{"start":{"line":5,"column":21},"end":{"line":5,"column":47}},"3":{"start":{"line":6,"column":11},"end":{"line":6,"column":30}},"4":{"start":{"line":9,"column":0},"end":{"line":16,"column":2}},"5":{"start":{"line":10,"column":2},"end":{"line":15,"column":3}},"6":{"start":{"line":11,"column":16},"end":{"line":11,"column":100}},"7":{"start":{"line":12,"column":4},"end":{"line":12,"column":44}},"8":{"start":{"line":14,"column":4},"end":{"line":14,"column":50}},"9":{"start":{"line":19,"column":0},"end":{"line":34,"column":2}},"10":{"start":{"line":20,"column":2},"end":{"line":33,"column":3}},"11":{"start":{"line":21,"column":16},"end":{"line":24,"column":48}},"12":{"start":{"line":27,"column":4},"end":{"line":29,"column":52}},"13":{"start":{"line":28,"column":6},"end":{"line":28,"column":66}},"14":{"start":{"line":29,"column":11},"end":{"line":29,"column":52}},"15":{"start":{"line":32,"column":4},"end":{"line":32,"column":50}},"16":{"start":{"line":37,"column":0},"end":{"line":51,"column":2}},"17":{"start":{"line":38,"column":2},"end":{"line":50,"column":3}},"18":{"start":{"line":39,"column":29},"end":{"line":39,"column":37}},"19":{"start":{"line":42,"column":16},"end":{"line":46,"column":49}},"20":{"start":{"line":47,"column":4},"end":{"line":47,"column":45}},"21":{"start":{"line":49,"column":4},"end":{"line":49,"column":50}},"22":{"start":{"line":54,"column":0},"end":{"line":99,"column":2}},"23":{"start":{"line":56,"column":24},"end":{"line":56,"column":32}},"24":{"start":{"line":58,"column":2},"end":{"line":98,"column":3}},"25":{"start":{"line":59,"column":19},"end":{"line":62,"column":48}},"26":{"start":{"line":64,"column":4},"end":{"line":95,"column":5}},"27":{"start":{"line":65,"column":6},"end":{"line":65,"column":66}},"28":{"start":{"line":70,"column":6},"end":{"line":88,"column":7}},"29":{"start":{"line":71,"column":8},"end":{"line":75,"column":57}},"30":{"start":{"line":76,"column":13},"end":{"line":88,"column":7}},"31":{"start":{"line":77,"column":8},"end":{"line":81,"column":69}},"32":{"start":{"line":83,"column":8},"end":{"line":87,"column":75}},"33":{"start":{"line":90,"column":6},"end":{"line":92,"column":7}},"34":{"start":{"line":91,"column":8},"end":{"line":91,"column":70}},"35":{"start":{"line":94,"column":6},"end":{"line":94,"column":48}},"36":{"start":{"line":97,"column":4},"end":{"line":97,"column":50}},"37":{"start":{"line":102,"column":0},"end":{"line":121,"column":2}},"38":{"start":{"line":103,"column":2},"end":{"line":120,"column":3}},"39":{"start":{"line":105,"column":16},"end":{"line":108,"column":48}},"40":{"start":{"line":110,"column":4},"end":{"line":117,"column":5}},"41":{"start":{"line":111,"column":6},"end":{"line":111,"column":66}},"42":{"start":{"line":113,"column":18},"end":{"line":115,"column":50}},"43":{"start":{"line":116,"column":6},"end":{"line":116,"column":42}},"44":{"start":{"line":119,"column":4},"end":{"line":119,"column":50}},"45":{"start":{"line":124,"column":0},"end":{"line":124,"column":24}}},"fnMap":{"0":{"name":"(anonymous_0)","decl":{"start":{"line":9,"column":16},"end":{"line":9,"column":17}},"loc":{"start":{"line":9,"column":42},"end":{"line":16,"column":1}},"line":9},"1":{"name":"(anonymous_1)","decl":{"start":{"line":19,"column":19},"end":{"line":19,"column":20}},"loc":{"start":{"line":19,"column":45},"end":{"line":34,"column":1}},"line":19},"2":{"name":"(anonymous_2)","decl":{"start":{"line":37,"column":17},"end":{"line":37,"column":18}},"loc":{"start":{"line":37,"column":43},"end":{"line":51,"column":1}},"line":37},"3":{"name":"(anonymous_3)","decl":{"start":{"line":54,"column":19},"end":{"line":54,"column":20}},"loc":{"start":{"line":54,"column":45},"end":{"line":99,"column":1}},"line":54},"4":{"name":"(anonymous_4)","decl":{"start":{"line":102,"column":22},"end":{"line":102,"column":23}},"loc":{"start":{"line":102,"column":48},"end":{"line":121,"column":1}},"line":102}},"branchMap":{"0":{"loc":{"start":{"line":27,"column":4},"end":{"line":29,"column":52}},"type":"if","locations":[{"start":{"line":27,"column":4},"end":{"line":29,"column":52}},{"start":{"line":29,"column":11},"end":{"line":29,"column":52}}],"line":27},"1":{"loc":{"start":{"line":64,"column":4},"end":{"line":95,"column":5}},"type":"if","locations":[{"start":{"line":64,"column":4},"end":{"line":95,"column":5}},{"start":{"line":66,"column":11},"end":{"line":95,"column":5}}],"line":64},"2":{"loc":{"start":{"line":70,"column":6},"end":{"line":88,"column":7}},"type":"if","locations":[{"start":{"line":70,"column":6},"end":{"line":88,"column":7}},{"start":{"line":76,"column":13},"end":{"line":88,"column":7}}],"line":70},"3":{"loc":{"start":{"line":70,"column":10},"end":{"line":70,"column":110}},"type":"binary-expr","locations":[{"start":{"line":70,"column":11},"end":{"line":70,"column":40}},{"start":{"line":70,"column":44},"end":{"line":70,"column":56}},{"start":{"line":70,"column":62},"end":{"line":70,"column":92}},{"start":{"line":70,"column":96},"end":{"line":70,"column":109}}],"line":70},"4":{"loc":{"start":{"line":76,"column":13},"end":{"line":88,"column":7}},"type":"if","locations":[{"start":{"line":76,"column":13},"end":{"line":88,"column":7}},{"start":{"line":82,"column":13},"end":{"line":88,"column":7}}],"line":76},"5":{"loc":{"start":{"line":76,"column":17},"end":{"line":76,"column":63}},"type":"binary-expr","locations":[{"start":{"line":76,"column":17},"end":{"line":76,"column":46}},{"start":{"line":76,"column":50},"end":{"line":76,"column":63}}],"line":76},"6":{"loc":{"start":{"line":90,"column":6},"end":{"line":92,"column":7}},"type":"if","locations":[{"start":{"line":90,"column":6},"end":{"line":92,"column":7}},{"start":{},"end":{}}],"line":90},"7":{"loc":{"start":{"line":110,"column":4},"end":{"line":117,"column":5}},"type":"if","locations":[{"start":{"line":110,"column":4},"end":{"line":117,"column":5}},{"start":{"line":112,"column":11},"end":{"line":117,"column":5}}],"line":110}},"s":{"0":1,"1":1,"2":1,"3":1,"4":1,"5":1,"6":1,"7":1,"8":0,"9":1,"10":1,"11":1,"12":1,"13":0,"14":1,"15":0,"16":1,"17":1,"18":1,"19":1,"20":1,"21":0,"22":1,"23":1,"24":1,"25":1,"26":1,"27":0,"28":1,"29":0,"30":1,"31":0,"32":1,"33":1,"34":0,"35":1,"36":0,"37":1,"38":1,"39":1,"40":1,"41":0,"42":1,"43":1,"44":0,"45":1},"f":{"0":1,"1":1,"2":1,"3":1,"4":1},"b":{"0":[0,1],"1":[0,1],"2":[0,1],"3":[1,0,1,1],"4":[0,1],"5":[1,0],"6":[0,1],"7":[0,1]},"_coverageSchema":"1a1c01bbd47fc00a2c39e90264f33305004495a9","hash":"ccd342ec0760282394539f976853f0b7650db3fd"}
}
