TN:
SF:app.js
FN:20,(anonymous_0)
FN:27,(anonymous_1)
FNF:2
FNH:0
FNDA:0,(anonymous_0)
FNDA:0,(anonymous_1)
DA:4,1
DA:6,1
DA:7,1
DA:9,1
DA:10,1
DA:11,1
DA:13,1
DA:14,1
DA:15,1
DA:16,1
DA:20,1
DA:21,0
DA:22,0
DA:27,1
DA:28,0
DA:30,0
DA:39,1
LF:17
LH:13
BRDA:28,0,0,0
BRDA:28,0,1,0
BRF:2
BRH:0
end_of_record
TN:
SF:db.js
FNF:0
FNH:0
DA:3,1
DA:5,1
DA:8,1
DA:12,1
DA:13,1
LF:5
LH:5
BRF:0
BRH:0
end_of_record
TN:
SF:expressError.js
FN:8,(anonymous_0)
FNF:1
FNH:0
FNDA:0,(anonymous_0)
DA:9,0
DA:10,0
DA:11,0
DA:12,0
DA:17,1
LF:5
LH:1
BRF:0
BRH:0
end_of_record
TN:
SF:routes\companies.js
FN:10,(anonymous_0)
FN:17,(anonymous_1)
FN:43,(anonymous_2)
FN:60,(anonymous_3)
FN:78,(anonymous_4)
FN:103,(anonymous_5)
FNF:6
FNH:6
FNDA:1,(anonymous_0)
FNDA:1,(anonymous_1)
FNDA:2,(anonymous_2)
FNDA:1,(anonymous_3)
FNDA:1,(anonymous_4)
FNDA:1,(anonymous_5)
DA:3,1
DA:4,1
DA:5,1
DA:7,1
DA:8,1
DA:10,1
DA:12,1
DA:13,1
DA:17,1
DA:19,1
DA:21,1
DA:37,1
DA:38,0
DA:40,1
DA:41,1
DA:42,1
DA:43,2
DA:44,1
DA:54,0
DA:60,1
DA:62,1
DA:64,1
DA:65,1
DA:70,1
DA:72,0
DA:78,1
DA:80,1
DA:82,1
DA:84,1
DA:88,1
DA:89,0
DA:91,1
DA:96,1
DA:99,0
DA:103,1
DA:105,1
DA:107,1
DA:112,1
DA:113,0
DA:115,1
DA:118,1
DA:122,0
DA:128,1
LF:43
LH:36
BRDA:37,0,0,0
BRDA:37,0,1,1
BRDA:88,1,0,0
BRDA:88,1,1,1
BRDA:112,2,0,0
BRDA:112,2,1,1
BRF:6
BRH:3
end_of_record
TN:
SF:routes\industries.js
FN:10,(anonymous_0)
FN:26,(anonymous_1)
FN:27,(anonymous_2)
FN:36,(anonymous_3)
FN:60,(anonymous_4)
FNF:5
FNH:5
FNDA:1,(anonymous_0)
FNDA:6,(anonymous_1)
FNDA:3,(anonymous_2)
FNDA:1,(anonymous_3)
FNDA:1,(anonymous_4)
DA:3,1
DA:4,1
DA:5,1
DA:7,1
DA:8,1
DA:10,1
DA:12,1
DA:13,1
DA:24,1
DA:26,6
DA:27,3
DA:29,1
DA:32,0
DA:36,1
DA:38,1
DA:39,1
DA:41,1
DA:49,1
DA:50,0
DA:52,1
DA:56,0
DA:60,1
DA:62,1
DA:64,1
DA:74,1
DA:76,0
DA:79,1
DA:82,0
DA:86,1
LF:29
LH:24
BRDA:49,0,0,0
BRDA:49,0,1,1
BRDA:74,1,0,0
BRDA:74,1,1,1
BRF:4
BRH:2
end_of_record
TN:
SF:routes\invoices.js
FN:9,(anonymous_0)
FN:19,(anonymous_1)
FN:37,(anonymous_2)
FN:54,(anonymous_3)
FN:102,(anonymous_4)
FNF:5
FNH:5
FNDA:1,(anonymous_0)
FNDA:1,(anonymous_1)
FNDA:1,(anonymous_2)
FNDA:1,(anonymous_3)
FNDA:1,(anonymous_4)
DA:2,1
DA:3,1
DA:5,1
DA:6,1
DA:9,1
DA:10,1
DA:11,1
DA:12,1
DA:14,0
DA:19,1
DA:20,1
DA:21,1
DA:27,1
DA:28,0
DA:29,1
DA:32,0
DA:37,1
DA:38,1
DA:39,1
DA:42,1
DA:47,1
DA:49,0
DA:54,1
DA:56,1
DA:58,1
DA:59,1
DA:64,1
DA:65,0
DA:70,1
DA:71,0
DA:76,1
DA:77,0
DA:83,1
DA:90,1
DA:91,0
DA:94,1
DA:97,0
DA:102,1
DA:103,1
DA:105,1
DA:110,1
DA:111,0
DA:113,1
DA:116,1
DA:119,0
DA:124,1
LF:46
LH:35
BRDA:27,0,0,0
BRDA:27,0,1,1
BRDA:64,1,0,0
BRDA:64,1,1,1
BRDA:70,2,0,0
BRDA:70,2,1,1
BRDA:70,3,0,1
BRDA:70,3,1,0
BRDA:70,3,2,1
BRDA:70,3,3,1
BRDA:76,4,0,0
BRDA:76,4,1,1
BRDA:76,5,0,1
BRDA:76,5,1,0
BRDA:90,6,0,0
BRDA:90,6,1,1
BRDA:110,7,0,0
BRDA:110,7,1,1
BRF:18
BRH:10
end_of_record
